SF:lib/database/mongodb.dart
DA:7,2
DA:8,1
DA:9,2
DA:10,1
DA:12,1
DA:13,1
LF:6
LH:6
end_of_record
SF:lib/backend/chat_service.dart
DA:13,1
DA:20,1
DA:21,1
DA:22,1
DA:23,1
DA:24,1
DA:27,1
DA:29,3
DA:30,1
DA:33,1
DA:34,1
DA:37,2
DA:38,1
DA:43,1
DA:49,1
DA:50,1
DA:54,1
DA:59,1
DA:62,2
DA:65,2
DA:67,1
DA:69,2
DA:75,1
DA:76,2
DA:81,1
DA:83,1
DA:84,1
DA:85,1
DA:87,2
DA:88,2
DA:91,1
DA:92,1
DA:96,2
DA:97,1
DA:101,0
DA:106,1
DA:108,1
DA:109,1
DA:111,0
DA:115,1
DA:120,1
DA:122,2
DA:128,1
DA:129,2
DA:134,1
DA:136,1
DA:137,2
DA:138,1
DA:141,2
DA:142,2
DA:143,1
DA:145,1
DA:146,0
DA:148,0
DA:149,0
DA:151,0
DA:152,0
DA:154,2
DA:155,1
DA:158,1
DA:159,2
DA:160,1
DA:164,2
DA:165,1
DA:169,0
DA:174,1
DA:176,1
DA:179,2
DA:180,2
DA:184,2
DA:185,1
DA:186,1
DA:187,1
DA:188,1
DA:191,1
DA:194,3
DA:195,2
DA:196,3
DA:198,0
DA:199,0
DA:202,1
DA:204,2
DA:205,1
DA:209,1
DA:211,2
DA:212,3
DA:213,2
DA:216,0
DA:220,1
DA:222,2
DA:223,3
DA:224,2
DA:227,0
DA:231,1
DA:233,1
DA:234,2
DA:235,1
DA:238,1
DA:239,2
DA:240,1
DA:243,1
DA:244,2
DA:245,0
DA:248,3
DA:249,2
DA:250,0
DA:253,2
LF:107
LH:93
end_of_record
SF:lib/backend/notification_service.dart
DA:13,1
DA:14,1
DA:16,1
DA:17,2
DA:19,2
DA:31,2
DA:35,1
DA:38,2
DA:39,3
DA:40,1
DA:43,1
DA:52,1
DA:57,2
DA:59,0
DA:60,0
DA:64,1
DA:66,1
DA:68,1
DA:70,2
DA:74,1
DA:76,4
DA:77,1
DA:78,1
DA:80,1
DA:84,1
DA:85,1
DA:90,1
DA:91,1
DA:95,2
DA:97,1
DA:98,1
DA:100,0
DA:101,0
DA:104,0
DA:106,0
DA:107,0
DA:111,0
DA:115,0
DA:121,0
DA:123,0
DA:124,0
DA:128,2
DA:132,1
DA:134,1
DA:136,0
DA:138,0
DA:140,1
DA:142,2
DA:143,1
DA:147,1
DA:153,1
DA:183,2
DA:184,2
DA:192,0
DA:196,0
DA:202,0
DA:203,0
DA:204,0
DA:206,0
DA:210,0
DA:211,0
DA:217,0
DA:221,0
DA:224,0
DA:225,0
DA:226,0
DA:229,0
DA:231,0
DA:235,1
DA:237,1
DA:238,1
DA:239,1
DA:241,1
DA:245,1
DA:246,1
DA:251,1
DA:252,1
DA:256,2
DA:258,1
DA:259,1
DA:261,0
DA:262,0
DA:265,0
DA:267,0
DA:268,0
DA:275,0
DA:282,0
DA:284,0
DA:287,0
DA:291,1
DA:292,1
DA:293,1
DA:296,2
DA:297,2
DA:298,1
LF:95
LH:57
end_of_record
SF:lib/pages/coffee_fortune_page.dart
DA:15,3
DA:19,3
DA:21,1
DA:22,1
DA:34,1
DA:36,1
DA:37,3
DA:38,1
DA:39,2
DA:40,0
DA:41,0
DA:44,1
DA:47,1
DA:49,2
DA:50,2
DA:51,0
DA:52,0
DA:54,0
DA:58,1
DA:60,2
DA:61,2
DA:62,2
DA:63,1
DA:66,0
DA:67,0
DA:68,0
DA:70,0
DA:71,0
DA:76,0
DA:77,0
DA:78,0
DA:79,0
DA:83,0
DA:84,0
DA:85,0
DA:87,0
DA:88,0
DA:89,0
DA:94,0
DA:95,0
DA:96,0
DA:97,0
DA:98,0
DA:100,0
DA:102,0
DA:104,0
DA:114,0
DA:115,0
DA:120,0
DA:121,0
DA:122,0
DA:124,0
DA:126,0
DA:127,0
DA:128,0
DA:129,0
DA:130,0
DA:132,0
DA:133,0
DA:137,0
DA:138,0
DA:139,0
DA:145,0
DA:146,0
DA:147,0
DA:160,0
DA:161,0
DA:166,0
DA:167,0
DA:168,0
DA:173,0
DA:174,0
DA:176,0
DA:177,0
DA:180,0
DA:181,0
DA:182,0
DA:188,0
DA:189,0
DA:190,0
DA:191,0
DA:194,0
DA:197,0
DA:198,0
DA:199,0
DA:202,0
DA:204,0
DA:205,0
DA:207,0
DA:210,0
DA:211,0
DA:212,0
DA:213,0
DA:217,0
DA:218,0
DA:219,0
DA:224,0
DA:225,0
DA:226,0
DA:232,0
DA:233,0
DA:238,0
DA:248,0
DA:249,0
DA:256,1
DA:258,2
DA:260,0
DA:261,0
DA:262,0
DA:269,1
DA:271,1
DA:273,1
DA:285,1
DA:286,1
DA:288,1
DA:289,1
DA:290,1
DA:292,1
DA:293,1
DA:294,1
DA:295,1
DA:301,1
DA:303,1
DA:304,0
DA:327,1
DA:328,0
DA:330,1
DA:331,1
DA:332,1
DA:333,1
DA:334,1
DA:338,1
DA:339,1
DA:348,1
DA:349,1
DA:350,1
DA:354,1
DA:355,1
LF:138
LH:47
end_of_record
SF:lib/backend/session_service.dart
DA:11,2
DA:13,1
DA:14,2
DA:15,2
DA:16,4
DA:19,1
DA:20,2
DA:21,2
DA:22,2
DA:25,1
DA:26,3
DA:28,1
DA:30,4
DA:31,1
DA:36,1
DA:37,1
DA:40,1
DA:41,2
DA:42,2
DA:43,2
LF:20
LH:20
end_of_record
SF:lib/homepage_routing/login_page.dart
DA:25,15
DA:35,2
DA:36,2
DA:51,2
DA:53,2
DA:54,2
DA:57,2
DA:58,7
DA:59,4
DA:60,3
DA:63,1
DA:64,2
DA:65,2
DA:67,2
DA:68,3
DA:74,1
DA:77,1
DA:78,0
DA:79,0
DA:81,0
DA:85,0
DA:86,0
DA:87,0
DA:88,0
DA:89,0
DA:91,0
DA:94,0
DA:96,0
DA:97,0
DA:99,0
DA:100,0
DA:101,0
DA:102,0
DA:103,0
DA:106,0
DA:107,0
DA:108,0
DA:109,0
DA:111,0
DA:114,0
DA:117,0
DA:118,0
DA:119,0
DA:120,0
DA:125,0
DA:126,0
DA:129,3
DA:134,3
DA:140,1
DA:142,2
DA:143,2
DA:144,2
DA:145,1
DA:148,0
DA:150,0
DA:152,0
DA:154,0
DA:156,0
DA:159,0
DA:162,0
DA:163,0
DA:164,0
DA:165,0
DA:169,0
DA:172,0
DA:173,0
DA:174,0
DA:176,0
DA:177,0
DA:178,0
DA:179,0
DA:180,0
DA:181,0
DA:182,0
DA:187,0
DA:188,0
DA:189,0
DA:190,0
DA:192,0
DA:200,0
DA:204,0
DA:207,0
DA:208,0
DA:213,0
DA:214,0
DA:215,0
DA:216,0
DA:217,0
DA:219,0
DA:221,0
DA:223,0
DA:226,0
DA:231,0
DA:233,0
DA:237,0
DA:242,0
DA:243,0
DA:244,0
DA:245,0
DA:248,0
DA:249,0
DA:251,0
DA:252,0
DA:254,0
DA:255,0
DA:257,0
DA:258,0
DA:260,0
DA:261,0
DA:262,0
DA:271,0
DA:273,0
DA:274,0
DA:290,0
DA:291,0
DA:292,0
DA:298,0
DA:299,0
DA:300,0
DA:301,0
DA:302,0
DA:305,0
DA:307,0
DA:309,0
DA:317,0
DA:319,0
DA:320,0
DA:321,0
DA:322,0
DA:324,0
DA:331,0
DA:332,0
DA:341,0
DA:349,0
DA:351,0
DA:352,0
DA:363,0
DA:364,0
DA:367,2
DA:369,2
DA:371,2
DA:372,2
DA:374,2
DA:375,2
DA:377,2
DA:380,2
DA:382,2
DA:383,2
DA:384,2
DA:386,2
DA:387,2
DA:394,2
DA:396,2
DA:397,2
DA:398,2
DA:400,2
DA:401,2
DA:408,2
DA:409,2
DA:414,2
DA:415,2
DA:418,1
DA:419,1
DA:424,2
DA:425,0
DA:426,0
DA:464,2
DA:465,2
DA:470,2
DA:471,2
DA:474,0
DA:475,0
DA:477,2
DA:478,4
LF:174
LH:56
end_of_record
SF:lib/homepage_routing/register_page.dart
DA:11,4
DA:13,2
DA:14,2
DA:28,2
DA:30,2
DA:31,2
DA:34,2
DA:35,4
DA:36,4
DA:37,0
DA:40,0
DA:41,0
DA:42,0
DA:44,0
DA:46,0
DA:48,0
DA:51,0
DA:54,0
DA:58,0
DA:59,0
DA:60,0
DA:63,0
DA:68,0
DA:74,0
DA:76,0
DA:77,0
DA:78,0
DA:79,0
DA:82,0
DA:84,0
DA:86,0
DA:88,0
DA:90,0
DA:92,0
DA:93,0
DA:95,0
DA:97,0
DA:99,0
DA:101,0
DA:102,0
DA:103,0
DA:107,0
DA:111,2
DA:113,2
DA:115,2
DA:116,2
DA:118,2
DA:119,2
DA:121,2
DA:124,2
DA:125,6
DA:127,6
DA:128,2
DA:130,2
DA:132,2
DA:133,1
DA:134,2
DA:135,1
DA:140,2
DA:142,2
DA:143,2
DA:144,2
DA:145,2
DA:147,2
DA:148,2
DA:155,2
DA:157,2
DA:158,2
DA:159,2
DA:160,2
DA:162,2
DA:163,2
DA:170,2
DA:171,2
DA:176,2
DA:177,2
DA:180,3
DA:211,2
DA:212,2
DA:217,2
DA:218,2
DA:221,3
DA:222,2
DA:223,4
LF:84
LH:51
end_of_record
SF:lib/pages/MainPage/main_page_fortune_teller.dart
DA:15,1
DA:19,1
DA:21,1
DA:22,1
DA:32,1
DA:34,1
DA:35,1
DA:36,2
DA:37,0
DA:40,2
DA:41,1
DA:42,3
DA:46,1
DA:47,1
DA:48,2
DA:49,3
DA:50,3
DA:54,0
DA:55,0
DA:56,0
DA:60,1
DA:62,2
DA:63,1
DA:66,1
DA:68,1
DA:70,3
DA:71,1
DA:72,1
DA:78,1
DA:79,1
DA:80,1
DA:86,1
DA:91,1
DA:95,1
DA:97,1
DA:114,1
DA:115,1
DA:117,1
DA:118,1
DA:120,1
DA:122,1
DA:123,1
DA:124,1
DA:125,3
DA:133,1
DA:134,1
DA:140,1
DA:141,1
DA:152,1
DA:153,1
DA:155,1
DA:156,1
DA:157,1
DA:161,0
DA:162,0
DA:163,0
DA:164,0
DA:165,0
DA:171,1
DA:175,0
DA:176,0
DA:177,0
DA:178,0
DA:179,0
DA:180,0
DA:181,0
DA:196,1
DA:202,1
DA:205,1
DA:206,1
DA:208,1
DA:210,1
DA:211,1
DA:213,1
DA:214,1
DA:215,1
DA:217,1
DA:218,1
DA:220,1
DA:221,1
DA:229,1
DA:231,1
DA:233,1
DA:247,0
DA:248,0
DA:250,0
DA:253,0
DA:255,0
DA:266,0
DA:268,0
DA:270,0
DA:272,0
DA:273,0
DA:274,0
DA:275,0
DA:276,0
DA:279,0
DA:290,0
DA:291,0
DA:292,0
DA:293,0
DA:294,0
DA:296,0
DA:297,0
DA:299,0
DA:305,0
DA:306,0
DA:312,0
DA:313,0
DA:314,0
DA:315,0
DA:319,0
DA:333,0
DA:335,0
DA:336,0
DA:337,0
DA:339,0
DA:340,0
DA:341,0
DA:342,0
DA:343,0
DA:345,0
DA:346,0
DA:348,0
DA:349,0
DA:353,0
DA:354,0
DA:356,0
DA:357,0
DA:358,0
DA:359,0
DA:360,0
DA:362,0
DA:363,0
DA:365,0
DA:368,0
DA:378,0
DA:380,0
DA:381,0
DA:382,0
DA:383,0
DA:389,0
DA:392,0
DA:394,0
DA:395,0
DA:400,0
DA:402,0
DA:403,0
DA:404,0
DA:411,0
DA:412,0
DA:413,0
DA:414,0
DA:416,0
DA:418,0
DA:419,0
DA:420,0
DA:424,0
DA:439,0
DA:444,0
DA:445,0
DA:446,0
DA:448,0
DA:449,0
DA:450,0
DA:451,0
DA:452,0
DA:453,0
DA:456,0
DA:459,0
DA:460,0
DA:464,0
DA:465,0
DA:470,0
DA:471,0
DA:472,0
LF:176
LH:67
end_of_record
SF:lib/pages/MainPage/main_page_normal_user.dart
DA:17,2
DA:22,1
DA:24,2
DA:25,2
DA:36,2
DA:38,2
DA:39,2
DA:40,4
DA:41,2
DA:42,0
DA:45,4
DA:46,2
DA:47,6
DA:48,2
DA:49,2
DA:50,4
DA:51,4
DA:53,6
DA:57,2
DA:58,2
DA:59,4
DA:60,6
DA:61,6
DA:65,2
DA:66,2
DA:68,2
DA:69,2
DA:71,2
DA:73,2
DA:74,2
DA:75,2
DA:76,6
DA:84,2
DA:85,2
DA:92,2
DA:93,2
DA:103,2
DA:104,2
DA:106,2
DA:107,4
DA:108,4
DA:109,4
DA:110,4
DA:119,2
DA:121,3
DA:122,2
DA:125,0
DA:126,0
DA:127,0
DA:131,0
DA:132,0
DA:133,0
DA:134,0
DA:135,0
DA:136,0
DA:138,0
DA:139,0
DA:141,0
DA:144,0
DA:154,0
DA:156,0
DA:157,0
DA:158,0
DA:159,0
DA:165,0
DA:166,0
DA:170,0
DA:172,0
DA:173,0
DA:174,0
DA:180,0
DA:181,0
DA:182,0
DA:191,0
DA:193,0
DA:194,0
DA:195,0
DA:196,0
DA:198,0
DA:199,0
DA:200,0
DA:201,0
DA:202,0
DA:203,0
DA:208,0
DA:211,0
DA:212,0
DA:225,0
DA:226,0
DA:227,0
DA:242,2
DA:244,2
DA:246,6
DA:247,2
DA:271,2
DA:282,2
LF:96
LH:51
end_of_record
SF:lib/onboarding_screen/onboarding_page.dart
DA:7,1
DA:11,1
DA:12,1
DA:29,1
DA:31,1
DA:32,2
DA:33,0
DA:37,0
DA:38,0
DA:39,0
DA:40,0
DA:43,1
DA:44,2
DA:45,2
DA:50,0
DA:54,0
DA:55,0
DA:56,0
DA:57,0
DA:59,0
DA:66,0
DA:68,0
DA:69,0
DA:70,0
DA:72,0
DA:73,0
DA:74,0
DA:76,0
DA:77,0
DA:78,0
DA:80,0
DA:81,0
DA:82,0
DA:84,0
DA:85,0
DA:86,0
DA:88,0
DA:91,0
DA:92,0
DA:93,0
DA:94,0
DA:95,0
DA:96,0
DA:99,0
DA:103,1
DA:105,2
DA:106,0
DA:108,1
DA:111,0
DA:112,0
DA:115,1
DA:117,1
DA:118,1
DA:119,1
DA:121,1
DA:122,2
DA:123,1
DA:126,1
DA:127,1
DA:129,1
DA:131,1
DA:133,1
DA:135,1
DA:141,1
DA:142,1
DA:143,1
DA:148,1
DA:150,1
DA:152,1
DA:153,1
DA:160,1
DA:161,1
DA:162,1
DA:165,1
DA:167,0
DA:168,0
DA:172,1
DA:174,1
DA:175,1
DA:176,1
DA:177,1
DA:178,1
DA:179,1
DA:180,1
DA:183,0
DA:184,0
DA:188,1
DA:189,1
DA:190,0
DA:191,0
DA:198,1
DA:199,1
DA:200,1
DA:203,1
DA:205,0
DA:206,0
DA:210,1
DA:212,1
DA:213,1
DA:214,1
DA:215,2
DA:216,1
DA:218,1
DA:219,1
DA:220,0
DA:221,0
DA:222,0
DA:223,0
DA:226,0
DA:227,0
DA:231,1
DA:239,1
DA:240,1
DA:241,1
DA:244,1
DA:246,0
DA:247,0
DA:251,1
DA:253,1
DA:254,2
DA:255,1
DA:256,4
DA:257,1
DA:258,0
DA:259,0
DA:260,0
DA:268,1
DA:269,1
DA:270,1
DA:273,1
DA:275,0
DA:276,0
DA:280,1
DA:282,1
DA:283,2
DA:284,1
DA:285,4
DA:286,1
DA:287,0
DA:288,0
DA:289,0
DA:297,1
DA:298,1
DA:300,1
DA:303,1
DA:304,1
DA:312,1
DA:313,1
LF:148
LH:86
end_of_record
SF:lib/pages/horoscopes_page.dart
DA:6,1
DA:7,1
DA:11,0
DA:13,0
DA:14,0
DA:15,0
DA:17,0
DA:19,0
DA:20,0
DA:22,0
DA:23,0
DA:24,0
DA:25,0
DA:26,0
DA:27,0
DA:34,0
DA:35,0
DA:38,0
DA:39,0
DA:42,0
DA:43,0
DA:44,0
DA:79,1
DA:81,1
DA:82,1
DA:83,1
DA:84,1
DA:86,1
DA:96,1
DA:98,1
DA:99,1
DA:119,1
DA:120,1
DA:121,1
DA:128,1
DA:129,1
DA:130,0
DA:131,0
DA:133,1
DA:134,1
DA:136,1
DA:137,1
DA:138,1
DA:139,1
DA:141,1
DA:145,1
DA:147,1
DA:148,1
DA:149,2
DA:152,1
DA:155,1
DA:156,1
DA:157,3
DA:158,1
DA:159,1
DA:178,0
DA:179,0
DA:181,0
DA:182,0
DA:184,0
DA:185,0
DA:187,0
DA:188,0
DA:189,0
DA:190,0
DA:191,0
DA:192,0
DA:193,0
DA:195,0
DA:196,0
DA:197,0
DA:199,0
DA:200,0
DA:202,0
DA:203,0
DA:211,0
DA:212,0
DA:213,0
DA:214,0
DA:216,0
DA:217,0
DA:220,0
DA:222,0
DA:223,0
DA:225,0
DA:226,0
DA:229,0
DA:230,0
DA:231,0
DA:232,0
DA:234,0
DA:235,0
DA:244,0
DA:246,0
DA:247,0
DA:248,0
DA:249,0
DA:251,0
DA:252,0
DA:254,0
DA:255,0
DA:256,0
DA:259,0
DA:262,0
DA:263,0
DA:264,0
DA:265,0
DA:268,0
DA:274,0
DA:275,0
DA:276,0
DA:277,0
DA:278,0
DA:279,0
DA:280,0
DA:281,0
DA:285,0
DA:286,0
DA:287,0
DA:289,0
DA:295,0
DA:296,0
DA:297,0
DA:298,0
DA:299,0
DA:300,0
DA:304,0
DA:305,0
DA:308,0
DA:310,0
LF:130
LH:33
end_of_record
SF:lib/pages/chat/chat_history_page.dart
DA:12,3
DA:17,3
DA:19,1
DA:20,1
DA:27,1
DA:29,1
DA:30,3
DA:31,1
DA:32,2
DA:33,0
DA:34,0
DA:39,1
DA:40,2
DA:41,1
DA:42,2
DA:46,0
DA:47,0
DA:48,0
DA:50,0
DA:51,0
DA:53,0
DA:57,1
DA:59,1
DA:61,1
DA:73,1
DA:74,4
DA:75,1
DA:76,2
DA:84,3
DA:97,0
DA:98,0
DA:99,0
DA:100,0
DA:101,0
DA:102,0
DA:103,0
DA:104,0
DA:106,0
DA:107,0
DA:109,0
DA:111,0
DA:115,0
DA:117,0
DA:118,0
DA:119,0
DA:120,0
DA:121,0
DA:122,0
DA:124,0
DA:126,0
DA:127,0
DA:131,0
DA:133,0
DA:135,0
DA:136,0
DA:143,0
DA:151,0
DA:153,0
DA:155,0
DA:156,0
DA:159,0
DA:160,0
DA:165,0
DA:166,0
DA:167,0
DA:168,0
DA:174,0
DA:175,0
DA:177,0
DA:178,0
DA:179,0
DA:180,0
DA:196,1
DA:198,2
DA:199,2
DA:200,1
LF:76
LH:25
end_of_record
SF:lib/pages/chat/chat_page.dart
DA:13,1
DA:20,1
DA:22,1
DA:23,1
DA:33,1
DA:35,1
DA:36,3
DA:37,1
DA:38,2
DA:39,0
DA:40,0
DA:45,1
DA:47,2
DA:48,1
DA:49,1
DA:51,0
DA:52,0
DA:53,0
DA:60,1
DA:62,4
DA:63,1
DA:64,2
DA:65,2
DA:66,2
DA:67,2
DA:68,0
DA:69,0
DA:70,0
DA:74,3
DA:75,1
DA:79,0
DA:83,1
DA:85,4
DA:86,0
DA:87,0
DA:88,0
DA:89,0
DA:90,0
DA:91,0
DA:92,0
DA:93,0
DA:94,0
DA:97,0
DA:98,0
DA:99,0
DA:103,0
DA:107,1
DA:108,2
DA:109,2
DA:110,3
DA:117,0
DA:118,0
DA:121,0
DA:122,0
DA:123,0
DA:125,0
DA:128,0
DA:129,0
DA:131,0
DA:132,0
DA:135,0
DA:136,0
DA:137,0
DA:144,0
DA:145,0
DA:146,0
DA:148,0
DA:149,0
DA:151,0
DA:155,0
DA:156,0
DA:157,0
DA:159,0
DA:161,0
DA:162,0
DA:164,0
DA:168,1
DA:170,1
DA:172,1
DA:173,1
DA:175,1
DA:176,1
DA:177,2
DA:184,1
DA:185,2
DA:196,1
DA:197,1
DA:198,1
DA:199,1
DA:200,1
DA:202,2
DA:203,0
DA:204,0
DA:205,0
DA:207,0
DA:209,0
DA:213,0
DA:214,0
DA:215,0
DA:216,0
DA:222,0
DA:225,0
DA:226,0
DA:227,0
DA:228,0
DA:229,0
DA:235,0
DA:239,0
DA:240,0
DA:241,0
DA:242,0
DA:248,0
DA:249,0
DA:250,0
DA:266,1
DA:274,1
DA:275,1
DA:276,1
DA:277,1
DA:278,1
DA:280,1
DA:282,2
DA:283,1
DA:284,1
DA:298,1
DA:303,1
DA:304,0
DA:319,1
DA:321,2
DA:322,2
DA:323,2
DA:324,2
DA:325,1
LF:133
LH:61
end_of_record
SF:lib/backend/email_service.dart
DA:8,1
DA:11,1
DA:13,2
DA:15,1
DA:16,3
DA:17,3
DA:20,1
DA:21,5
DA:22,2
DA:23,1
DA:24,1
DA:101,1
DA:104,2
DA:105,2
DA:106,0
DA:107,0
DA:113,0
DA:114,0
DA:115,0
LF:19
LH:14
end_of_record
SF:lib/backend/rabbitmq_service.dart
DA:7,1
DA:8,1
DA:10,1
DA:18,1
DA:20,1
DA:21,1
DA:23,1
DA:26,0
DA:27,1
DA:28,1
DA:30,1
DA:32,1
DA:33,0
DA:34,0
DA:35,0
DA:37,0
DA:39,0
DA:41,0
DA:44,2
LF:19
LH:12
end_of_record
SF:lib/home_page.dart
DA:6,16
DA:8,2
DA:9,2
DA:15,2
DA:17,2
DA:19,2
DA:20,2
DA:22,2
DA:23,2
DA:25,2
DA:59,2
DA:60,1
DA:61,1
DA:63,1
DA:64,3
DA:68,2
DA:72,2
DA:73,2
DA:82,2
DA:83,1
DA:84,1
DA:86,1
DA:87,3
DA:91,2
DA:95,2
DA:96,2
LF:26
LH:26
end_of_record
SF:lib/homepage_routing/reset_password_page.dart
DA:8,1
DA:14,1
DA:15,1
DA:25,1
DA:27,1
DA:28,1
DA:31,1
DA:32,2
DA:33,2
DA:34,0
DA:37,1
DA:38,2
DA:39,2
DA:40,2
DA:42,3
DA:43,3
DA:44,3
DA:50,1
DA:52,0
DA:53,0
DA:54,0
DA:57,0
DA:58,0
DA:61,0
DA:63,0
DA:68,0
DA:69,0
DA:74,3
DA:79,3
DA:85,1
DA:87,2
DA:88,2
DA:89,2
DA:90,2
DA:91,1
DA:94,1
DA:96,1
DA:97,2
DA:98,1
DA:100,1
DA:101,1
DA:102,1
DA:103,1
DA:111,1
DA:112,1
DA:116,1
DA:117,1
DA:122,1
DA:123,1
LF:49
LH:39
end_of_record
SF:lib/pages/profile/fortune_teller_profile_page.dart
DA:12,2
DA:15,2
DA:17,1
DA:18,1
DA:25,1
DA:27,1
DA:28,1
DA:31,1
DA:33,1
DA:34,1
DA:35,0
DA:37,0
DA:38,0
DA:41,0
DA:43,0
DA:44,0
DA:45,0
DA:49,0
DA:53,1
DA:54,1
DA:56,1
DA:57,1
DA:58,2
DA:59,2
DA:60,1
DA:62,1
DA:63,1
DA:66,1
DA:67,1
DA:68,0
DA:71,1
DA:72,0
DA:73,0
DA:74,0
DA:75,0
DA:76,0
DA:77,0
DA:88,0
DA:90,0
DA:91,0
DA:92,0
DA:94,0
DA:95,0
DA:96,0
DA:99,0
DA:100,0
DA:102,0
DA:103,0
DA:104,0
DA:108,0
DA:109,0
DA:110,0
DA:111,0
DA:117,1
DA:118,1
DA:119,1
DA:120,2
DA:123,1
DA:124,1
DA:125,0
DA:128,1
DA:129,0
DA:130,0
DA:131,0
DA:132,0
DA:133,0
DA:134,0
DA:135,0
DA:136,0
DA:147,1
DA:149,1
DA:151,1
DA:152,1
DA:153,1
DA:155,1
DA:157,1
DA:170,1
DA:173,1
DA:174,1
DA:176,1
DA:178,1
DA:179,1
DA:180,1
DA:183,1
DA:184,1
DA:193,1
DA:194,1
DA:196,1
DA:197,1
DA:198,1
DA:205,1
DA:206,2
DA:207,1
DA:208,1
DA:215,1
DA:217,3
DA:224,1
DA:227,1
DA:228,1
DA:230,1
DA:232,1
DA:233,1
DA:245,1
DA:246,2
DA:247,1
DA:248,1
DA:249,1
DA:251,0
DA:252,0
DA:253,0
DA:264,1
DA:267,1
DA:268,1
DA:270,1
DA:271,1
DA:272,1
DA:273,1
DA:275,1
DA:276,1
DA:279,1
DA:281,1
DA:282,1
DA:293,1
DA:296,1
DA:297,1
DA:299,1
DA:300,1
DA:301,1
DA:302,1
DA:304,1
DA:305,1
DA:306,2
DA:308,1
DA:310,1
DA:311,1
DA:329,0
DA:330,0
DA:331,0
DA:332,0
DA:337,0
DA:338,0
DA:339,0
DA:342,0
DA:343,0
DA:344,0
DA:345,0
DA:346,0
DA:347,0
DA:348,0
DA:352,0
DA:354,0
DA:362,0
DA:364,0
DA:365,0
DA:366,0
DA:368,0
DA:369,0
DA:372,0
DA:374,0
DA:375,0
DA:380,0
DA:381,0
DA:382,0
LF:163
LH:92
end_of_record
SF:lib/pages/homepage.dart
DA:19,2
DA:28,2
DA:30,2
DA:31,2
DA:46,2
DA:48,2
DA:49,4
DA:50,0
DA:51,0
DA:52,0
DA:53,0
DA:54,4
DA:55,1
DA:57,4
DA:58,2
DA:59,0
DA:60,0
DA:66,1
DA:67,2
DA:68,2
DA:69,0
DA:70,0
DA:71,0
DA:74,0
DA:76,0
DA:77,0
DA:80,0
DA:81,0
DA:82,0
DA:83,0
DA:85,0
DA:86,0
DA:87,0
DA:92,0
DA:96,0
DA:100,0
DA:102,0
DA:104,0
DA:105,0
DA:107,0
DA:108,0
DA:109,0
DA:110,0
DA:111,0
DA:112,0
DA:113,0
DA:114,0
DA:115,0
DA:116,0
DA:117,0
DA:124,0
DA:128,0
DA:130,0
DA:132,0
DA:133,0
DA:134,0
DA:135,0
DA:137,0
DA:139,0
DA:140,0
DA:145,0
DA:151,0
DA:166,0
DA:169,0
DA:170,0
DA:171,0
DA:172,0
DA:174,0
DA:176,0
DA:181,0
DA:182,0
DA:193,0
DA:195,0
DA:198,0
DA:199,0
DA:200,0
DA:201,0
DA:202,0
DA:206,0
DA:207,0
DA:208,0
DA:209,0
DA:210,0
DA:211,0
DA:213,0
DA:215,0
DA:216,0
DA:220,0
DA:221,0
DA:222,0
DA:223,0
DA:224,0
DA:225,0
DA:227,0
DA:229,0
DA:232,0
DA:242,0
DA:243,0
DA:244,0
DA:245,0
DA:248,0
DA:257,0
DA:258,0
DA:259,0
DA:260,0
DA:261,0
DA:263,0
DA:272,0
DA:274,0
DA:275,0
DA:276,0
DA:277,0
DA:278,0
DA:279,0
DA:281,0
DA:282,0
DA:287,0
DA:288,0
DA:291,0
DA:293,0
DA:294,0
DA:295,0
DA:304,0
DA:305,0
DA:306,0
DA:320,0
DA:321,0
DA:322,0
DA:323,0
DA:324,0
DA:325,0
DA:327,0
DA:328,0
DA:330,0
DA:333,0
DA:343,0
DA:345,0
DA:346,0
DA:347,0
DA:348,0
DA:354,0
DA:355,0
DA:359,0
DA:361,0
DA:362,0
DA:363,0
DA:369,0
DA:370,0
DA:371,0
DA:380,0
DA:382,0
DA:383,0
DA:384,0
DA:385,0
DA:387,0
DA:388,0
DA:389,0
DA:390,0
DA:391,0
DA:392,0
DA:397,0
DA:400,0
DA:401,0
DA:414,0
DA:415,0
DA:416,0
DA:431,2
DA:433,2
DA:435,2
DA:436,2
DA:438,2
DA:440,2
DA:443,2
DA:445,2
DA:446,2
DA:447,2
DA:449,2
DA:450,2
DA:452,2
DA:455,2
DA:457,2
DA:459,2
DA:460,6
DA:461,0
DA:462,0
DA:465,2
DA:473,2
DA:475,2
DA:476,6
DA:477,6
DA:481,2
DA:483,2
DA:484,6
DA:485,6
DA:493,2
DA:497,0
DA:498,0
DA:500,0
DA:505,2
DA:509,2
DA:518,2
DA:519,2
DA:520,2
DA:521,2
DA:523,2
DA:529,2
DA:531,2
DA:541,2
DA:547,2
DA:550,2
DA:551,2
DA:553,2
DA:555,2
DA:556,2
DA:558,2
DA:559,2
DA:560,2
DA:562,2
DA:563,2
DA:565,2
DA:566,2
DA:574,2
DA:576,2
DA:578,2
DA:592,2
DA:594,3
DA:595,8
DA:596,2
DA:598,2
LF:229
LH:72
end_of_record
SF:lib/pages/profile_page.dart
DA:15,3
DA:21,3
DA:23,1
DA:24,1
DA:34,1
DA:36,1
DA:37,3
DA:38,2
DA:39,2
DA:40,3
DA:41,1
DA:43,0
DA:44,0
DA:46,0
DA:47,0
DA:52,0
DA:54,0
DA:55,0
DA:56,0
DA:57,0
DA:59,0
DA:60,0
DA:61,0
DA:62,0
DA:68,0
DA:70,0
DA:71,0
DA:72,0
DA:73,0
DA:76,0
DA:77,0
DA:78,0
DA:83,0
DA:85,0
DA:86,0
DA:87,0
DA:89,0
DA:90,0
DA:91,0
DA:94,0
DA:95,0
DA:96,0
DA:101,0
DA:103,0
DA:104,0
DA:105,0
DA:106,0
DA:107,0
DA:110,0
DA:111,0
DA:112,0
DA:117,0
DA:123,0
DA:125,0
DA:126,0
DA:127,0
DA:128,0
DA:129,0
DA:131,0
DA:133,0
DA:135,0
DA:136,0
DA:137,0
DA:138,0
DA:144,0
DA:147,0
DA:148,0
DA:158,0
DA:159,0
DA:160,0
DA:161,0
DA:163,0
DA:164,0
DA:165,0
DA:169,0
DA:170,0
DA:171,0
DA:173,0
DA:176,0
DA:180,0
DA:182,0
DA:184,0
DA:185,0
DA:186,0
DA:193,0
DA:195,0
DA:197,0
DA:198,0
DA:199,0
DA:209,0
DA:210,0
DA:211,0
DA:212,0
DA:213,0
DA:216,0
DA:222,0
DA:223,0
DA:243,0
DA:244,0
DA:245,0
DA:247,0
DA:251,0
DA:252,0
DA:253,0
DA:254,0
DA:255,0
DA:256,0
DA:257,0
DA:258,0
DA:259,0
DA:271,0
DA:275,0
DA:276,0
DA:277,0
DA:278,0
DA:279,0
DA:280,0
DA:281,0
DA:283,0
DA:284,0
DA:285,0
DA:286,0
DA:299,0
DA:300,0
DA:304,0
DA:305,0
DA:308,0
DA:309,0
DA:313,0
DA:314,0
DA:317,0
DA:318,0
DA:322,0
DA:323,0
DA:324,0
DA:325,0
DA:326,0
DA:327,0
DA:329,0
DA:331,0
DA:333,0
DA:334,0
DA:335,0
DA:336,0
DA:342,0
DA:344,0
DA:369,0
DA:371,0
DA:372,0
DA:373,0
DA:382,0
DA:383,0
DA:384,0
DA:385,0
DA:387,0
DA:393,0
DA:394,0
DA:414,1
DA:416,1
DA:417,0
DA:420,1
DA:421,0
DA:424,1
DA:425,1
DA:426,1
DA:427,1
DA:429,1
DA:439,1
DA:440,1
DA:441,1
DA:443,1
DA:444,1
DA:446,1
DA:447,1
DA:449,1
DA:450,1
DA:452,1
DA:453,4
DA:454,1
DA:457,3
DA:458,3
DA:459,1
DA:460,1
DA:461,0
DA:465,1
DA:466,1
DA:468,1
DA:474,1
DA:476,1
DA:477,1
DA:479,1
DA:480,1
DA:481,1
DA:482,1
DA:483,1
DA:484,1
DA:485,2
DA:486,4
DA:487,1
DA:488,2
DA:491,1
DA:492,1
DA:493,0
DA:495,0
DA:496,0
DA:501,1
DA:502,1
DA:503,1
DA:504,4
DA:505,1
DA:506,1
DA:507,0
DA:508,0
DA:512,1
DA:513,1
DA:514,1
DA:515,3
DA:516,1
DA:517,1
DA:518,0
DA:521,1
DA:522,1
DA:523,1
DA:524,3
DA:525,1
DA:526,1
DA:527,0
DA:528,0
DA:536,1
DA:538,1
DA:539,1
DA:541,1
DA:550,1
DA:551,2
DA:552,1
DA:553,2
DA:563,1
DA:564,1
DA:566,0
DA:567,0
DA:568,0
DA:577,1
DA:579,1
DA:580,1
DA:582,1
DA:591,0
DA:592,0
DA:594,0
DA:595,0
DA:596,0
DA:608,0
DA:609,0
DA:610,0
DA:616,0
DA:617,0
DA:618,0
DA:619,0
DA:620,0
DA:621,0
DA:622,0
DA:624,0
DA:625,0
DA:627,0
DA:631,0
DA:633,0
DA:634,0
DA:646,1
DA:648,1
DA:649,1
DA:651,1
DA:652,1
DA:653,1
DA:654,0
DA:655,0
DA:666,1
DA:668,2
DA:669,0
DA:671,1
DA:676,0
DA:677,0
LF:280
LH:94
end_of_record
SF:lib/pages/compatibility_page.dart
DA:4,14
DA:6,1
DA:7,1
DA:105,0
DA:106,0
DA:107,0
DA:113,0
DA:114,0
DA:119,0
DA:120,0
DA:121,0
DA:123,0
DA:126,0
DA:127,0
DA:129,0
DA:130,0
DA:131,0
DA:132,0
DA:133,0
DA:135,0
DA:136,0
DA:137,0
DA:138,0
DA:140,0
DA:141,0
DA:142,0
DA:143,0
DA:145,0
DA:146,0
DA:147,0
DA:148,0
DA:154,0
DA:155,0
DA:157,0
DA:158,0
DA:159,0
DA:160,0
DA:161,0
DA:162,0
DA:164,0
DA:169,0
DA:170,0
DA:173,0
DA:174,0
DA:176,0
DA:177,0
DA:178,0
DA:179,0
DA:180,0
DA:181,0
DA:182,0
DA:183,0
DA:184,0
DA:192,0
DA:193,0
DA:194,0
DA:195,0
DA:196,0
DA:197,0
DA:198,0
DA:200,0
DA:207,0
DA:209,0
DA:210,0
DA:215,0
DA:216,0
DA:218,0
DA:221,0
DA:222,0
DA:223,0
DA:224,0
DA:225,0
DA:229,0
DA:230,0
DA:231,0
DA:232,0
DA:236,0
DA:237,0
DA:240,0
DA:241,0
DA:243,0
DA:244,0
DA:245,0
DA:246,0
DA:252,0
DA:257,0
DA:258,0
DA:263,0
DA:264,0
DA:267,0
DA:276,0
DA:277,0
DA:281,0
DA:282,0
DA:288,1
DA:289,1
DA:291,1
DA:292,1
DA:294,1
DA:297,1
DA:299,1
DA:300,1
DA:301,1
DA:306,1
DA:307,1
DA:313,1
DA:314,1
DA:326,1
DA:328,1
DA:329,1
DA:333,1
DA:335,1
DA:337,1
DA:338,1
DA:340,1
DA:342,1
DA:343,1
DA:344,1
DA:345,1
DA:352,1
DA:354,1
DA:356,2
DA:357,1
DA:358,1
DA:359,0
DA:360,0
DA:361,0
DA:364,1
DA:366,1
DA:367,2
DA:368,1
DA:370,1
DA:372,3
DA:383,1
DA:385,1
DA:387,1
DA:388,1
DA:389,1
DA:390,1
DA:397,1
DA:399,1
DA:401,2
DA:402,1
DA:403,1
DA:404,0
DA:405,0
DA:406,0
DA:409,1
DA:411,1
DA:412,2
DA:413,1
DA:415,1
DA:417,3
DA:428,1
DA:429,0
DA:430,0
DA:431,0
DA:432,0
DA:435,1
DA:447,1
DA:449,0
DA:451,0
DA:452,0
DA:454,0
DA:455,0
DA:456,0
DA:457,0
DA:464,0
DA:465,0
DA:472,0
DA:473,0
DA:480,0
DA:482,0
DA:483,0
DA:502,1
DA:504,2
DA:505,2
DA:506,1
LF:178
LH:63
end_of_record
SF:lib/main.dart
DA:11,1
DA:12,2
DA:13,1
DA:14,1
DA:17,0
DA:18,0
DA:19,0
DA:20,0
DA:23,0
DA:24,0
DA:27,0
DA:28,0
DA:33,1
DA:35,1
DA:37,1
DA:39,1
DA:41,1
DA:43,1
DA:44,2
DA:45,1
DA:46,2
DA:50,1
DA:52,1
DA:53,1
DA:55,2
DA:56,1
DA:57,1
DA:58,1
DA:61,1
DA:62,1
DA:63,1
LF:31
LH:23
end_of_record
